TERRAIN_DEFAULT
TERRAIN_CONCSMOOTH
TERRAIN_CONCROUGH
TERRAIN_METALSMOOTH
TERRAIN_METALROUGH
TERRAIN_METALCORRUGATED
TERRAIN_METALGRATING
TERRAIN_METALTIN
TERRAIN_WOOD
TERRAIN_WOODMASONITE
TERRAIN_WOODPLYWOOD
TERRAIN_WOODFLIMSY
TERRAIN_WOODSHINGLE
TERRAIN_WOODPIER
TERRAIN_BRICK
TERRAIN_TILE
TERRAIN_ASPHALT
TERRAIN_ROCK
TERRAIN_GRAVEL
TERRAIN_SIDEWALK
TERRAIN_GRASS
TERRAIN_GRASSDRIED
TERRAIN_DIRT
TERRAIN_DIRTPACKED
TERRAIN_WATER
TERRAIN_ICE
TERRAIN_SNOW
TERRAIN_SAND
TERRAIN_PLEXIGLASS
TERRAIN_FIBERGLASS
TERRAIN_CARPET
TERRAIN_CONVEYOR
TERRAIN_CHAINLINK
TERRAIN_METALFUTURE
TERRAIN_GENERIC1
TERRAIN_GENERIC2
TERRAIN_WHEELS
TERRAIN_WETCONC
TERRAIN_METALFENCE
TERRAIN_GRINDTRAIN
TERRAIN_GRINDROPE
TERRAIN_CONCCRUSTY
TERRAIN_FLOAT
TERRAIN_GARBAGE
TERRAIN_GLASS
TERRAIN_BRICKLARGE
TERRAIN_LEAVES
TERRAIN_MUD
TERRAIN_SKYLIGHTS
TERRAIN_TINROOF
